2022-03-09 22:00:34 INFO  Loop Output:13 - FOr Loop Execution started here..
2022-03-09 22:00:34 INFO  Loop Output:18 - Even Number :20
2022-03-09 22:00:34 INFO  Loop Output:18 - Even Number :22
2022-03-09 22:00:34 INFO  Loop Output:18 - Even Number :24
2022-03-09 22:00:34 INFO  Loop Output:18 - Even Number :26
2022-03-09 22:00:34 INFO  Loop Output:18 - Even Number :28
2022-03-09 22:00:34 INFO  Loop Output:18 - Even Number :30
2022-03-09 22:00:34 INFO  Loop Output:18 - Even Number :32
2022-03-09 22:00:34 INFO  Loop Output:18 - Even Number :34
2022-03-09 22:00:34 INFO  Loop Output:18 - Even Number :36
2022-03-09 22:00:34 INFO  Loop Output:18 - Even Number :38
2022-03-09 22:00:34 INFO  Loop Output:18 - Even Number :40
2022-03-09 22:00:34 INFO  Loop Output:21 - For Loop Execution ended here...
2022-03-13 23:00:52 INFO  Step Execution::20 - the browser is initiated to launch...
2022-03-13 23:00:52 INFO  Step Execution::36 - Navigation of actitime URL has initiated...
2022-03-13 23:00:52 INFO  Step Execution::54 - login to acti_Time has initiated...
2022-03-13 23:00:52 INFO  Step Execution::73 - Minimizing flyout window has initiated...
2022-03-13 23:00:52 INFO  Step Execution::90 - Creating a new user....
2022-03-17 22:51:46 INFO  Step Execution::20 - the browser is initiated to launch...
2022-03-17 22:51:46 INFO  Step Execution::36 - Navigation of actitime URL has initiated...
2022-03-17 22:51:46 INFO  Step Execution::54 - login to acti_Time has initiated...
2022-03-17 22:51:46 INFO  Step Execution::73 - Minimizing flyout window has initiated...
2022-03-17 22:51:46 INFO  Step Execution::90 - Creating a new user....
